<?xml version="1.0" encoding="UTF-8"?>
<testsuite name="Cucumber" time="0.17" tests="2" skipped="0" failures="0" errors="0">
<testcase classname="Feature to login" name="Checking login functionality" time="0.002">
</testcase>
<testcase classname="Feature to login" name="#1.1" time="0.006">
<system-out><![CDATA[
Given user1 opens browser...................................................passed
When enters userid..........................................................passed
And user enters password....................................................passed
Then user click the login button............................................passed
]]></system-out>
</testcase>
</testsuite>
